2023-03-15 13:38:21,976 DEBUG    root            Loaded Command Group: ['gcloud', 'components']
2023-03-15 13:38:21,979 DEBUG    root            Loaded Command Group: ['gcloud', 'components', 'update']
2023-03-15 13:38:21,981 DEBUG    root            Running [gcloud.components.update] with arguments: [--allow-no-backup: "True", --quiet: "True", COMPONENT-IDS:7: "['core', 'gcloud-deps', 'bq', 'gcloud', 'gcloud-crc32c', 'gsutil', 'anthoscli']"]
2023-03-15 13:38:21,982 INFO     ___FILE_ONLY___ Beginning update. This process may take several minutes.

2023-03-15 13:38:34,009 DEBUG    urllib3.connectionpool Starting new HTTPS connection (1): dl.google.com:443
2023-03-15 13:38:34,038 DEBUG    urllib3.connectionpool https://dl.google.com:443 "GET /dl/cloudsdk/channels/rapid/components-2.json HTTP/1.1" 200 206156
2023-03-15 13:38:34,052 INFO     ___FILE_ONLY___ 

2023-03-15 13:38:34,052 INFO     ___FILE_ONLY___ 
Your current Google Cloud CLI version is: 422.0.0

2023-03-15 13:38:34,052 INFO     ___FILE_ONLY___ Installing components from version: 422.0.0

2023-03-15 13:38:34,052 INFO     ___FILE_ONLY___ 

2023-03-15 13:38:34,053 DEBUG    root            Chosen display Format:table[box,title="These components will be removed."](details.display_name:label=Name:align=left,version.version_string:label=Version:align=right,data.size.size(zero="",min=1048576):label=Size:align=right)
2023-03-15 13:38:34,053 DEBUG    root            Chosen display Format:table[box,title="These components will be updated."](details.display_name:label=Name:align=left,version.version_string:label=Version:align=right,data.size.size(zero="",min=1048576):label=Size:align=right)
2023-03-15 13:38:34,054 DEBUG    root            Chosen display Format:table[box,title="These components will be installed."](details.display_name:label=Name:align=left,version.version_string:label=Version:align=right,data.size.size(zero="",min=1048576):label=Size:align=right)
2023-03-15 13:38:34,059 INFO     ___FILE_ONLY___ ┌─────────────────────────────────────────────────────────────────────────────┐
2023-03-15 13:38:34,059 INFO     ___FILE_ONLY___ 

2023-03-15 13:38:34,059 INFO     ___FILE_ONLY___ │                     These components will be installed.                     │
2023-03-15 13:38:34,060 INFO     ___FILE_ONLY___ 

2023-03-15 13:38:34,060 INFO     ___FILE_ONLY___ ├─────────────────────────────────────────────────────┬────────────┬──────────┤
2023-03-15 13:38:34,060 INFO     ___FILE_ONLY___ 

2023-03-15 13:38:34,060 INFO     ___FILE_ONLY___ │                         Name                        │  Version   │   Size   │
2023-03-15 13:38:34,060 INFO     ___FILE_ONLY___ 

2023-03-15 13:38:34,060 INFO     ___FILE_ONLY___ ├─────────────────────────────────────────────────────┼────────────┼──────────┤
2023-03-15 13:38:34,060 INFO     ___FILE_ONLY___ 

2023-03-15 13:38:34,060 INFO     ___FILE_ONLY___ │ 
2023-03-15 13:38:34,060 INFO     ___FILE_ONLY___ BigQuery Command Line Tool                         
2023-03-15 13:38:34,060 INFO     ___FILE_ONLY___  
2023-03-15 13:38:34,060 INFO     ___FILE_ONLY___ │ 
2023-03-15 13:38:34,060 INFO     ___FILE_ONLY___     2.0.88
2023-03-15 13:38:34,060 INFO     ___FILE_ONLY___  
2023-03-15 13:38:34,060 INFO     ___FILE_ONLY___ │ 
2023-03-15 13:38:34,061 INFO     ___FILE_ONLY___  1.6 MiB
2023-03-15 13:38:34,061 INFO     ___FILE_ONLY___  
2023-03-15 13:38:34,061 INFO     ___FILE_ONLY___ │
2023-03-15 13:38:34,061 INFO     ___FILE_ONLY___ 

2023-03-15 13:38:34,061 INFO     ___FILE_ONLY___ │ 
2023-03-15 13:38:34,061 INFO     ___FILE_ONLY___ BigQuery Command Line Tool (Platform Specific)     
2023-03-15 13:38:34,061 INFO     ___FILE_ONLY___  
2023-03-15 13:38:34,061 INFO     ___FILE_ONLY___ │ 
2023-03-15 13:38:34,061 INFO     ___FILE_ONLY___     2.0.77
2023-03-15 13:38:34,061 INFO     ___FILE_ONLY___  
2023-03-15 13:38:34,061 INFO     ___FILE_ONLY___ │ 
2023-03-15 13:38:34,061 INFO     ___FILE_ONLY___  < 1 MiB
2023-03-15 13:38:34,061 INFO     ___FILE_ONLY___  
2023-03-15 13:38:34,061 INFO     ___FILE_ONLY___ │
2023-03-15 13:38:34,061 INFO     ___FILE_ONLY___ 

2023-03-15 13:38:34,061 INFO     ___FILE_ONLY___ │ 
2023-03-15 13:38:34,062 INFO     ___FILE_ONLY___ Bundled Python 3.9                                 
2023-03-15 13:38:34,062 INFO     ___FILE_ONLY___  
2023-03-15 13:38:34,062 INFO     ___FILE_ONLY___ │ 
2023-03-15 13:38:34,062 INFO     ___FILE_ONLY___     3.9.16
2023-03-15 13:38:34,062 INFO     ___FILE_ONLY___  
2023-03-15 13:38:34,062 INFO     ___FILE_ONLY___ │ 
2023-03-15 13:38:34,062 INFO     ___FILE_ONLY___ 63.4 MiB
2023-03-15 13:38:34,062 INFO     ___FILE_ONLY___  
2023-03-15 13:38:34,062 INFO     ___FILE_ONLY___ │
2023-03-15 13:38:34,062 INFO     ___FILE_ONLY___ 

2023-03-15 13:38:34,062 INFO     ___FILE_ONLY___ │ 
2023-03-15 13:38:34,062 INFO     ___FILE_ONLY___ Cloud Storage Command Line Tool                    
2023-03-15 13:38:34,062 INFO     ___FILE_ONLY___  
2023-03-15 13:38:34,062 INFO     ___FILE_ONLY___ │ 
2023-03-15 13:38:34,062 INFO     ___FILE_ONLY___       5.21
2023-03-15 13:38:34,062 INFO     ___FILE_ONLY___  
2023-03-15 13:38:34,062 INFO     ___FILE_ONLY___ │ 
2023-03-15 13:38:34,063 INFO     ___FILE_ONLY___ 15.5 MiB
2023-03-15 13:38:34,063 INFO     ___FILE_ONLY___  
2023-03-15 13:38:34,063 INFO     ___FILE_ONLY___ │
2023-03-15 13:38:34,063 INFO     ___FILE_ONLY___ 

2023-03-15 13:38:34,063 INFO     ___FILE_ONLY___ │ 
2023-03-15 13:38:34,063 INFO     ___FILE_ONLY___ Cloud Storage Command Line Tool (Platform Specific)
2023-03-15 13:38:34,063 INFO     ___FILE_ONLY___  
2023-03-15 13:38:34,063 INFO     ___FILE_ONLY___ │ 
2023-03-15 13:38:34,063 INFO     ___FILE_ONLY___       5.13
2023-03-15 13:38:34,063 INFO     ___FILE_ONLY___  
2023-03-15 13:38:34,063 INFO     ___FILE_ONLY___ │ 
2023-03-15 13:38:34,063 INFO     ___FILE_ONLY___  < 1 MiB
2023-03-15 13:38:34,063 INFO     ___FILE_ONLY___  
2023-03-15 13:38:34,063 INFO     ___FILE_ONLY___ │
2023-03-15 13:38:34,063 INFO     ___FILE_ONLY___ 

2023-03-15 13:38:34,063 INFO     ___FILE_ONLY___ │ 
2023-03-15 13:38:34,064 INFO     ___FILE_ONLY___ Google Cloud CLI Core Libraries (Platform Specific)
2023-03-15 13:38:34,064 INFO     ___FILE_ONLY___  
2023-03-15 13:38:34,064 INFO     ___FILE_ONLY___ │ 
2023-03-15 13:38:34,064 INFO     ___FILE_ONLY___ 2022.09.20
2023-03-15 13:38:34,064 INFO     ___FILE_ONLY___  
2023-03-15 13:38:34,064 INFO     ___FILE_ONLY___ │ 
2023-03-15 13:38:34,064 INFO     ___FILE_ONLY___  < 1 MiB
2023-03-15 13:38:34,064 INFO     ___FILE_ONLY___  
2023-03-15 13:38:34,064 INFO     ___FILE_ONLY___ │
2023-03-15 13:38:34,064 INFO     ___FILE_ONLY___ 

2023-03-15 13:38:34,064 INFO     ___FILE_ONLY___ │ 
2023-03-15 13:38:34,064 INFO     ___FILE_ONLY___ Google Cloud CRC32C Hash Tool                      
2023-03-15 13:38:34,064 INFO     ___FILE_ONLY___  
2023-03-15 13:38:34,064 INFO     ___FILE_ONLY___ │ 
2023-03-15 13:38:34,064 INFO     ___FILE_ONLY___      1.0.0
2023-03-15 13:38:34,065 INFO     ___FILE_ONLY___  
2023-03-15 13:38:34,065 INFO     ___FILE_ONLY___ │ 
2023-03-15 13:38:34,065 INFO     ___FILE_ONLY___  1.2 MiB
2023-03-15 13:38:34,065 INFO     ___FILE_ONLY___  
2023-03-15 13:38:34,065 INFO     ___FILE_ONLY___ │
2023-03-15 13:38:34,065 INFO     ___FILE_ONLY___ 

2023-03-15 13:38:34,065 INFO     ___FILE_ONLY___ │ 
2023-03-15 13:38:34,065 INFO     ___FILE_ONLY___ anthoscli                                          
2023-03-15 13:38:34,065 INFO     ___FILE_ONLY___  
2023-03-15 13:38:34,065 INFO     ___FILE_ONLY___ │ 
2023-03-15 13:38:34,065 INFO     ___FILE_ONLY___     0.2.35
2023-03-15 13:38:34,065 INFO     ___FILE_ONLY___  
2023-03-15 13:38:34,065 INFO     ___FILE_ONLY___ │ 
2023-03-15 13:38:34,065 INFO     ___FILE_ONLY___ 68.6 MiB
2023-03-15 13:38:34,065 INFO     ___FILE_ONLY___  
2023-03-15 13:38:34,065 INFO     ___FILE_ONLY___ │
2023-03-15 13:38:34,066 INFO     ___FILE_ONLY___ 

2023-03-15 13:38:34,066 INFO     ___FILE_ONLY___ │ 
2023-03-15 13:38:34,066 INFO     ___FILE_ONLY___ gcloud cli dependencies                            
2023-03-15 13:38:34,066 INFO     ___FILE_ONLY___  
2023-03-15 13:38:34,066 INFO     ___FILE_ONLY___ │ 
2023-03-15 13:38:34,066 INFO     ___FILE_ONLY___ 2021.04.16
2023-03-15 13:38:34,066 INFO     ___FILE_ONLY___  
2023-03-15 13:38:34,066 INFO     ___FILE_ONLY___ │ 
2023-03-15 13:38:34,066 INFO     ___FILE_ONLY___  < 1 MiB
2023-03-15 13:38:34,066 INFO     ___FILE_ONLY___  
2023-03-15 13:38:34,066 INFO     ___FILE_ONLY___ │
2023-03-15 13:38:34,066 INFO     ___FILE_ONLY___ 

2023-03-15 13:38:34,066 INFO     ___FILE_ONLY___ └─────────────────────────────────────────────────────┴────────────┴──────────┘
2023-03-15 13:38:34,066 INFO     ___FILE_ONLY___ 

2023-03-15 13:38:34,066 INFO     ___FILE_ONLY___ 

2023-03-15 13:38:34,069 DEBUG    urllib3.connectionpool Starting new HTTPS connection (1): dl.google.com:443
2023-03-15 13:38:34,153 DEBUG    urllib3.connectionpool https://dl.google.com:443 "GET /dl/cloudsdk/channels/rapid/RELEASE_NOTES HTTP/1.1" 200 960341
2023-03-15 13:38:34,182 INFO     ___FILE_ONLY___ For the latest full release notes, please visit:
  https://cloud.google.com/sdk/release_notes


2023-03-15 13:38:34,188 INFO     ___FILE_ONLY___ ╔════════════════════════════════════════════════════════════╗

2023-03-15 13:38:34,188 INFO     ___FILE_ONLY___ ╠═ Creating update staging area                             ═╣

2023-03-15 13:38:34,188 INFO     ___FILE_ONLY___ ╚
2023-03-15 13:38:34,188 INFO     ___FILE_ONLY___ ══════
2023-03-15 13:38:34,188 INFO     ___FILE_ONLY___ ══════
2023-03-15 13:38:34,188 INFO     ___FILE_ONLY___ ══════
2023-03-15 13:38:34,324 INFO     ___FILE_ONLY___ ═
2023-03-15 13:38:34,377 INFO     ___FILE_ONLY___ ═
2023-03-15 13:38:34,425 INFO     ___FILE_ONLY___ ═
2023-03-15 13:38:34,468 INFO     ___FILE_ONLY___ ═
2023-03-15 13:38:34,529 INFO     ___FILE_ONLY___ ═
2023-03-15 13:38:34,594 INFO     ___FILE_ONLY___ ═
2023-03-15 13:38:34,643 INFO     ___FILE_ONLY___ ═
2023-03-15 13:38:34,691 INFO     ___FILE_ONLY___ ═
2023-03-15 13:38:34,737 INFO     ___FILE_ONLY___ ═
2023-03-15 13:38:34,788 INFO     ___FILE_ONLY___ ═
2023-03-15 13:38:34,838 INFO     ___FILE_ONLY___ ═
2023-03-15 13:38:34,902 INFO     ___FILE_ONLY___ ═
2023-03-15 13:38:34,969 INFO     ___FILE_ONLY___ ═
2023-03-15 13:38:35,013 INFO     ___FILE_ONLY___ ═
2023-03-15 13:38:35,066 INFO     ___FILE_ONLY___ ═
2023-03-15 13:38:35,137 INFO     ___FILE_ONLY___ ═
2023-03-15 13:38:35,196 INFO     ___FILE_ONLY___ ═
2023-03-15 13:38:35,267 INFO     ___FILE_ONLY___ ═
2023-03-15 13:38:35,293 INFO     ___FILE_ONLY___ ═
2023-03-15 13:38:35,319 INFO     ___FILE_ONLY___ ═
2023-03-15 13:38:35,351 INFO     ___FILE_ONLY___ ═
2023-03-15 13:38:35,383 INFO     ___FILE_ONLY___ ═
2023-03-15 13:38:35,410 INFO     ___FILE_ONLY___ ═
2023-03-15 13:38:35,439 INFO     ___FILE_ONLY___ ═
2023-03-15 13:38:35,555 INFO     ___FILE_ONLY___ ═
2023-03-15 13:38:35,599 INFO     ___FILE_ONLY___ ═
2023-03-15 13:38:35,756 INFO     ___FILE_ONLY___ ═
2023-03-15 13:38:35,840 INFO     ___FILE_ONLY___ ═
2023-03-15 13:38:35,878 INFO     ___FILE_ONLY___ ═
2023-03-15 13:38:35,921 INFO     ___FILE_ONLY___ ═
2023-03-15 13:38:35,965 INFO     ___FILE_ONLY___ ═
2023-03-15 13:38:36,014 INFO     ___FILE_ONLY___ ═
2023-03-15 13:38:36,064 INFO     ___FILE_ONLY___ ═
2023-03-15 13:38:36,129 INFO     ___FILE_ONLY___ ═
2023-03-15 13:38:36,202 INFO     ___FILE_ONLY___ ═
2023-03-15 13:38:36,259 INFO     ___FILE_ONLY___ ═
2023-03-15 13:38:36,312 INFO     ___FILE_ONLY___ ═
2023-03-15 13:38:36,379 INFO     ___FILE_ONLY___ ═
2023-03-15 13:38:36,442 INFO     ___FILE_ONLY___ ═
2023-03-15 13:38:36,517 INFO     ___FILE_ONLY___ ═
2023-03-15 13:38:36,633 INFO     ___FILE_ONLY___ ═
2023-03-15 13:38:36,686 INFO     ___FILE_ONLY___ ═
2023-03-15 13:38:36,686 INFO     ___FILE_ONLY___ ╝

2023-03-15 13:38:36,870 INFO     ___FILE_ONLY___ ╔════════════════════════════════════════════════════════════╗

2023-03-15 13:38:36,871 INFO     ___FILE_ONLY___ ╠═ Installing: BigQuery Command Line Tool                   ═╣

2023-03-15 13:38:36,871 INFO     ___FILE_ONLY___ ╚
2023-03-15 13:38:36,875 DEBUG    urllib3.connectionpool Starting new HTTPS connection (1): dl.google.com:443
2023-03-15 13:38:36,905 DEBUG    urllib3.connectionpool https://dl.google.com:443 "GET /dl/cloudsdk/channels/rapid/components/google-cloud-sdk-bq-20230310163703.tar.gz HTTP/1.1" 200 1647199
2023-03-15 13:38:36,970 INFO     ___FILE_ONLY___ ═
2023-03-15 13:38:36,970 INFO     ___FILE_ONLY___ ═
2023-03-15 13:38:36,970 INFO     ___FILE_ONLY___ ═
2023-03-15 13:38:36,970 INFO     ___FILE_ONLY___ ═
2023-03-15 13:38:36,970 INFO     ___FILE_ONLY___ ═
2023-03-15 13:38:36,971 INFO     ___FILE_ONLY___ ═
2023-03-15 13:38:36,971 INFO     ___FILE_ONLY___ ═
2023-03-15 13:38:36,971 INFO     ___FILE_ONLY___ ═
2023-03-15 13:38:36,971 INFO     ___FILE_ONLY___ ═
2023-03-15 13:38:36,971 INFO     ___FILE_ONLY___ ═
2023-03-15 13:38:36,971 INFO     ___FILE_ONLY___ ═
2023-03-15 13:38:36,971 INFO     ___FILE_ONLY___ ═
2023-03-15 13:38:36,972 INFO     ___FILE_ONLY___ ═
2023-03-15 13:38:36,972 INFO     ___FILE_ONLY___ ═
2023-03-15 13:38:36,972 INFO     ___FILE_ONLY___ ═
2023-03-15 13:38:36,972 INFO     ___FILE_ONLY___ ═
2023-03-15 13:38:36,972 INFO     ___FILE_ONLY___ ═
2023-03-15 13:38:36,972 INFO     ___FILE_ONLY___ ═
2023-03-15 13:38:36,972 INFO     ___FILE_ONLY___ ═
2023-03-15 13:38:36,973 INFO     ___FILE_ONLY___ ═
2023-03-15 13:38:36,973 INFO     ___FILE_ONLY___ ═
2023-03-15 13:38:36,973 INFO     ___FILE_ONLY___ ═
2023-03-15 13:38:36,973 INFO     ___FILE_ONLY___ ═
2023-03-15 13:38:36,973 INFO     ___FILE_ONLY___ ═
2023-03-15 13:38:36,973 INFO     ___FILE_ONLY___ ═
2023-03-15 13:38:36,973 INFO     ___FILE_ONLY___ ═
2023-03-15 13:38:36,974 INFO     ___FILE_ONLY___ ═
2023-03-15 13:38:36,974 INFO     ___FILE_ONLY___ ═
2023-03-15 13:38:36,974 INFO     ___FILE_ONLY___ ═
2023-03-15 13:38:36,974 INFO     ___FILE_ONLY___ ═
2023-03-15 13:38:37,081 INFO     ___FILE_ONLY___ ═
2023-03-15 13:38:37,087 INFO     ___FILE_ONLY___ ═
2023-03-15 13:38:37,091 INFO     ___FILE_ONLY___ ═
2023-03-15 13:38:37,097 INFO     ___FILE_ONLY___ ═
2023-03-15 13:38:37,100 INFO     ___FILE_ONLY___ ═
2023-03-15 13:38:37,104 INFO     ___FILE_ONLY___ ═
2023-03-15 13:38:37,108 INFO     ___FILE_ONLY___ ═
2023-03-15 13:38:37,111 INFO     ___FILE_ONLY___ ═
2023-03-15 13:38:37,115 INFO     ___FILE_ONLY___ ═
2023-03-15 13:38:37,118 INFO     ___FILE_ONLY___ ═
2023-03-15 13:38:37,122 INFO     ___FILE_ONLY___ ═
2023-03-15 13:38:37,128 INFO     ___FILE_ONLY___ ═
2023-03-15 13:38:37,133 INFO     ___FILE_ONLY___ ═
2023-03-15 13:38:37,137 INFO     ___FILE_ONLY___ ═
2023-03-15 13:38:37,141 INFO     ___FILE_ONLY___ ═
2023-03-15 13:38:37,144 INFO     ___FILE_ONLY___ ═
2023-03-15 13:38:37,147 INFO     ___FILE_ONLY___ ═
2023-03-15 13:38:37,151 INFO     ___FILE_ONLY___ ═
2023-03-15 13:38:37,154 INFO     ___FILE_ONLY___ ═
2023-03-15 13:38:37,160 INFO     ___FILE_ONLY___ ═
2023-03-15 13:38:37,163 INFO     ___FILE_ONLY___ ═
2023-03-15 13:38:37,166 INFO     ___FILE_ONLY___ ═
2023-03-15 13:38:37,170 INFO     ___FILE_ONLY___ ═
2023-03-15 13:38:37,174 INFO     ___FILE_ONLY___ ═
2023-03-15 13:38:37,177 INFO     ___FILE_ONLY___ ═
2023-03-15 13:38:37,181 INFO     ___FILE_ONLY___ ═
2023-03-15 13:38:37,185 INFO     ___FILE_ONLY___ ═
2023-03-15 13:38:37,188 INFO     ___FILE_ONLY___ ═
2023-03-15 13:38:37,192 INFO     ___FILE_ONLY___ ═
2023-03-15 13:38:37,196 INFO     ___FILE_ONLY___ ═
2023-03-15 13:38:37,196 INFO     ___FILE_ONLY___ ╝

2023-03-15 13:38:37,212 INFO     ___FILE_ONLY___ ╔════════════════════════════════════════════════════════════╗

2023-03-15 13:38:37,212 INFO     ___FILE_ONLY___ ╠═ Installing: BigQuery Command Line Tool (Platform Spec... ═╣

2023-03-15 13:38:37,212 INFO     ___FILE_ONLY___ ╚
2023-03-15 13:38:37,216 DEBUG    urllib3.connectionpool Starting new HTTPS connection (1): dl.google.com:443
2023-03-15 13:38:37,246 DEBUG    urllib3.connectionpool https://dl.google.com:443 "GET /dl/cloudsdk/channels/rapid/components/google-cloud-sdk-bq-nix-20220920185015.tar.gz HTTP/1.1" 200 1837
2023-03-15 13:38:37,247 INFO     ___FILE_ONLY___ ══════════════════════════════
2023-03-15 13:38:37,248 INFO     ___FILE_ONLY___ ══════════════════════════════
2023-03-15 13:38:37,248 INFO     ___FILE_ONLY___ ╝

2023-03-15 13:38:37,261 INFO     ___FILE_ONLY___ ╔════════════════════════════════════════════════════════════╗

2023-03-15 13:38:37,262 INFO     ___FILE_ONLY___ ╠═ Installing: Bundled Python 3.9                           ═╣

2023-03-15 13:38:37,262 INFO     ___FILE_ONLY___ ╚
2023-03-15 13:38:37,266 INFO     ___FILE_ONLY___ ════════════════════════════════════════════════════════════
2023-03-15 13:38:37,267 INFO     ___FILE_ONLY___ ╝

2023-03-15 13:38:37,271 INFO     ___FILE_ONLY___ ╔════════════════════════════════════════════════════════════╗

2023-03-15 13:38:37,271 INFO     ___FILE_ONLY___ ╠═ Installing: Bundled Python 3.9                           ═╣

2023-03-15 13:38:37,271 INFO     ___FILE_ONLY___ ╚
2023-03-15 13:38:37,275 DEBUG    urllib3.connectionpool Starting new HTTPS connection (1): dl.google.com:443
2023-03-15 13:38:37,308 DEBUG    urllib3.connectionpool https://dl.google.com:443 "GET /dl/cloudsdk/channels/rapid/components/google-cloud-sdk-bundled-python3-unix-linux-x86_64-20230303155151.tar.gz HTTP/1.1" 200 66467643
2023-03-15 13:38:37,839 INFO     ___FILE_ONLY___ ═
2023-03-15 13:38:37,842 INFO     ___FILE_ONLY___ ═
2023-03-15 13:38:37,844 INFO     ___FILE_ONLY___ ═
2023-03-15 13:38:37,847 INFO     ___FILE_ONLY___ ═
2023-03-15 13:38:37,850 INFO     ___FILE_ONLY___ ═
2023-03-15 13:38:37,852 INFO     ___FILE_ONLY___ ═
2023-03-15 13:38:37,855 INFO     ___FILE_ONLY___ ═
2023-03-15 13:38:37,858 INFO     ___FILE_ONLY___ ═
2023-03-15 13:38:37,860 INFO     ___FILE_ONLY___ ═
2023-03-15 13:38:37,863 INFO     ___FILE_ONLY___ ═
2023-03-15 13:38:37,866 INFO     ___FILE_ONLY___ ═
2023-03-15 13:38:37,868 INFO     ___FILE_ONLY___ ═
2023-03-15 13:38:37,871 INFO     ___FILE_ONLY___ ═
2023-03-15 13:38:37,874 INFO     ___FILE_ONLY___ ═
2023-03-15 13:38:37,876 INFO     ___FILE_ONLY___ ═
2023-03-15 13:38:37,879 INFO     ___FILE_ONLY___ ═
2023-03-15 13:38:37,881 INFO     ___FILE_ONLY___ ═
2023-03-15 13:38:37,884 INFO     ___FILE_ONLY___ ═
2023-03-15 13:38:37,887 INFO     ___FILE_ONLY___ ═
2023-03-15 13:38:37,889 INFO     ___FILE_ONLY___ ═
2023-03-15 13:38:37,892 INFO     ___FILE_ONLY___ ═
2023-03-15 13:38:37,895 INFO     ___FILE_ONLY___ ═
2023-03-15 13:38:37,897 INFO     ___FILE_ONLY___ ═
2023-03-15 13:38:37,900 INFO     ___FILE_ONLY___ ═
2023-03-15 13:38:37,902 INFO     ___FILE_ONLY___ ═
2023-03-15 13:38:37,905 INFO     ___FILE_ONLY___ ═
2023-03-15 13:38:37,908 INFO     ___FILE_ONLY___ ═
2023-03-15 13:38:37,911 INFO     ___FILE_ONLY___ ═
2023-03-15 13:38:37,913 INFO     ___FILE_ONLY___ ═
2023-03-15 13:38:37,916 INFO     ___FILE_ONLY___ ═
2023-03-15 13:38:39,755 INFO     ___FILE_ONLY___ ═
2023-03-15 13:38:39,767 INFO     ___FILE_ONLY___ ═
2023-03-15 13:38:39,782 INFO     ___FILE_ONLY___ ═
2023-03-15 13:38:39,795 INFO     ___FILE_ONLY___ ═
2023-03-15 13:38:39,807 INFO     ___FILE_ONLY___ ═
2023-03-15 13:38:39,823 INFO     ___FILE_ONLY___ ═
2023-03-15 13:38:39,839 INFO     ___FILE_ONLY___ ═
2023-03-15 13:38:39,861 INFO     ___FILE_ONLY___ ═
2023-03-15 13:38:39,875 INFO     ___FILE_ONLY___ ═
2023-03-15 13:38:39,891 INFO     ___FILE_ONLY___ ═
2023-03-15 13:38:39,908 INFO     ___FILE_ONLY___ ═
2023-03-15 13:38:39,925 INFO     ___FILE_ONLY___ ═
2023-03-15 13:38:40,036 INFO     ___FILE_ONLY___ ═
2023-03-15 13:38:40,048 INFO     ___FILE_ONLY___ ═
2023-03-15 13:38:40,091 INFO     ___FILE_ONLY___ ═
2023-03-15 13:38:40,155 INFO     ___FILE_ONLY___ ═
2023-03-15 13:38:40,177 INFO     ___FILE_ONLY___ ═
2023-03-15 13:38:40,197 INFO     ___FILE_ONLY___ ═
2023-03-15 13:38:40,214 INFO     ___FILE_ONLY___ ═
2023-03-15 13:38:40,248 INFO     ___FILE_ONLY___ ═
2023-03-15 13:38:40,262 INFO     ___FILE_ONLY___ ═
2023-03-15 13:38:40,275 INFO     ___FILE_ONLY___ ═
2023-03-15 13:38:40,289 INFO     ___FILE_ONLY___ ═
2023-03-15 13:38:40,307 INFO     ___FILE_ONLY___ ═
2023-03-15 13:38:40,325 INFO     ___FILE_ONLY___ ═
2023-03-15 13:38:40,342 INFO     ___FILE_ONLY___ ═
2023-03-15 13:38:40,939 INFO     ___FILE_ONLY___ ═
2023-03-15 13:38:41,214 INFO     ___FILE_ONLY___ ═
2023-03-15 13:38:41,225 INFO     ___FILE_ONLY___ ═
2023-03-15 13:38:41,236 INFO     ___FILE_ONLY___ ═
2023-03-15 13:38:41,236 INFO     ___FILE_ONLY___ ╝

2023-03-15 13:38:41,284 INFO     ___FILE_ONLY___ ╔════════════════════════════════════════════════════════════╗

2023-03-15 13:38:41,284 INFO     ___FILE_ONLY___ ╠═ Installing: Cloud Storage Command Line Tool              ═╣

2023-03-15 13:38:41,284 INFO     ___FILE_ONLY___ ╚
2023-03-15 13:38:41,288 DEBUG    urllib3.connectionpool Starting new HTTPS connection (1): dl.google.com:443
2023-03-15 13:38:41,325 DEBUG    urllib3.connectionpool https://dl.google.com:443 "GET /dl/cloudsdk/channels/rapid/components/google-cloud-sdk-gsutil-20230310163703.tar.gz HTTP/1.1" 200 16304023
2023-03-15 13:38:41,500 INFO     ___FILE_ONLY___ ═
2023-03-15 13:38:41,501 INFO     ___FILE_ONLY___ ═
2023-03-15 13:38:41,502 INFO     ___FILE_ONLY___ ═
2023-03-15 13:38:41,503 INFO     ___FILE_ONLY___ ═
2023-03-15 13:38:41,503 INFO     ___FILE_ONLY___ ═
2023-03-15 13:38:41,504 INFO     ___FILE_ONLY___ ═
2023-03-15 13:38:41,505 INFO     ___FILE_ONLY___ ═
2023-03-15 13:38:41,506 INFO     ___FILE_ONLY___ ═
2023-03-15 13:38:41,507 INFO     ___FILE_ONLY___ ═
2023-03-15 13:38:41,507 INFO     ___FILE_ONLY___ ═
2023-03-15 13:38:41,508 INFO     ___FILE_ONLY___ ═
2023-03-15 13:38:41,509 INFO     ___FILE_ONLY___ ═
2023-03-15 13:38:41,510 INFO     ___FILE_ONLY___ ═
2023-03-15 13:38:41,511 INFO     ___FILE_ONLY___ ═
2023-03-15 13:38:41,512 INFO     ___FILE_ONLY___ ═
2023-03-15 13:38:41,513 INFO     ___FILE_ONLY___ ═
2023-03-15 13:38:41,514 INFO     ___FILE_ONLY___ ═
2023-03-15 13:38:41,515 INFO     ___FILE_ONLY___ ═
2023-03-15 13:38:41,516 INFO     ___FILE_ONLY___ ═
2023-03-15 13:38:41,516 INFO     ___FILE_ONLY___ ═
2023-03-15 13:38:41,517 INFO     ___FILE_ONLY___ ═
2023-03-15 13:38:41,518 INFO     ___FILE_ONLY___ ═
2023-03-15 13:38:41,519 INFO     ___FILE_ONLY___ ═
2023-03-15 13:38:41,519 INFO     ___FILE_ONLY___ ═
2023-03-15 13:38:41,520 INFO     ___FILE_ONLY___ ═
2023-03-15 13:38:41,521 INFO     ___FILE_ONLY___ ═
2023-03-15 13:38:41,521 INFO     ___FILE_ONLY___ ═
2023-03-15 13:38:41,522 INFO     ___FILE_ONLY___ ═
2023-03-15 13:38:41,523 INFO     ___FILE_ONLY___ ═
2023-03-15 13:38:41,524 INFO     ___FILE_ONLY___ ═
2023-03-15 13:38:42,665 INFO     ___FILE_ONLY___ ═
2023-03-15 13:38:42,703 INFO     ___FILE_ONLY___ ═
2023-03-15 13:38:42,739 INFO     ___FILE_ONLY___ ═
2023-03-15 13:38:42,775 INFO     ___FILE_ONLY___ ═
2023-03-15 13:38:42,834 INFO     ___FILE_ONLY___ ═
2023-03-15 13:38:42,885 INFO     ___FILE_ONLY___ ═
2023-03-15 13:38:42,945 INFO     ___FILE_ONLY___ ═
2023-03-15 13:38:42,991 INFO     ___FILE_ONLY___ ═
2023-03-15 13:38:43,022 INFO     ___FILE_ONLY___ ═
2023-03-15 13:38:43,062 INFO     ___FILE_ONLY___ ═
2023-03-15 13:38:43,096 INFO     ___FILE_ONLY___ ═
2023-03-15 13:38:43,147 INFO     ___FILE_ONLY___ ═
2023-03-15 13:38:43,193 INFO     ___FILE_ONLY___ ═
2023-03-15 13:38:43,239 INFO     ___FILE_ONLY___ ═
2023-03-15 13:38:43,279 INFO     ___FILE_ONLY___ ═
2023-03-15 13:38:43,310 INFO     ___FILE_ONLY___ ═
2023-03-15 13:38:43,348 INFO     ___FILE_ONLY___ ═
2023-03-15 13:38:43,392 INFO     ___FILE_ONLY___ ═
2023-03-15 13:38:43,424 INFO     ___FILE_ONLY___ ═
2023-03-15 13:38:43,462 INFO     ___FILE_ONLY___ ═
2023-03-15 13:38:43,502 INFO     ___FILE_ONLY___ ═
2023-03-15 13:38:43,540 INFO     ___FILE_ONLY___ ═
2023-03-15 13:38:43,585 INFO     ___FILE_ONLY___ ═
2023-03-15 13:38:43,624 INFO     ___FILE_ONLY___ ═
2023-03-15 13:38:43,668 INFO     ___FILE_ONLY___ ═
2023-03-15 13:38:43,713 INFO     ___FILE_ONLY___ ═
2023-03-15 13:38:43,749 INFO     ___FILE_ONLY___ ═
2023-03-15 13:38:43,782 INFO     ___FILE_ONLY___ ═
2023-03-15 13:38:43,815 INFO     ___FILE_ONLY___ ═
2023-03-15 13:38:43,865 INFO     ___FILE_ONLY___ ═
2023-03-15 13:38:43,865 INFO     ___FILE_ONLY___ ╝

2023-03-15 13:38:43,953 INFO     ___FILE_ONLY___ ╔════════════════════════════════════════════════════════════╗

2023-03-15 13:38:43,953 INFO     ___FILE_ONLY___ ╠═ Installing: Cloud Storage Command Line Tool (Platform... ═╣

2023-03-15 13:38:43,953 INFO     ___FILE_ONLY___ ╚
2023-03-15 13:38:43,957 DEBUG    urllib3.connectionpool Starting new HTTPS connection (1): dl.google.com:443
2023-03-15 13:38:43,985 DEBUG    urllib3.connectionpool https://dl.google.com:443 "GET /dl/cloudsdk/channels/rapid/components/google-cloud-sdk-gsutil-nix-20220920185015.tar.gz HTTP/1.1" 200 1851
2023-03-15 13:38:43,986 INFO     ___FILE_ONLY___ ══════════════════════════════
2023-03-15 13:38:43,987 INFO     ___FILE_ONLY___ ══════════════════════════════
2023-03-15 13:38:43,987 INFO     ___FILE_ONLY___ ╝

2023-03-15 13:38:43,998 INFO     ___FILE_ONLY___ ╔════════════════════════════════════════════════════════════╗

2023-03-15 13:38:43,999 INFO     ___FILE_ONLY___ ╠═ Installing: Default set of gcloud commands               ═╣

2023-03-15 13:38:43,999 INFO     ___FILE_ONLY___ ╚
2023-03-15 13:38:44,003 INFO     ___FILE_ONLY___ ════════════════════════════════════════════════════════════
2023-03-15 13:38:44,003 INFO     ___FILE_ONLY___ ╝

2023-03-15 13:38:44,008 INFO     ___FILE_ONLY___ ╔════════════════════════════════════════════════════════════╗

2023-03-15 13:38:44,008 INFO     ___FILE_ONLY___ ╠═ Installing: Google Cloud CLI Core Libraries (Platform... ═╣

2023-03-15 13:38:44,008 INFO     ___FILE_ONLY___ ╚
2023-03-15 13:38:44,012 DEBUG    urllib3.connectionpool Starting new HTTPS connection (1): dl.google.com:443
2023-03-15 13:38:44,039 DEBUG    urllib3.connectionpool https://dl.google.com:443 "GET /dl/cloudsdk/channels/rapid/components/google-cloud-sdk-core-nix-20220920185015.tar.gz HTTP/1.1" 200 2221
2023-03-15 13:38:44,040 INFO     ___FILE_ONLY___ ══════════════════════════════
2023-03-15 13:38:44,041 INFO     ___FILE_ONLY___ ═══════════════
2023-03-15 13:38:44,041 INFO     ___FILE_ONLY___ ═══════════════
2023-03-15 13:38:44,042 INFO     ___FILE_ONLY___ ╝

2023-03-15 13:38:44,051 INFO     ___FILE_ONLY___ ╔════════════════════════════════════════════════════════════╗

2023-03-15 13:38:44,051 INFO     ___FILE_ONLY___ ╠═ Installing: Google Cloud CRC32C Hash Tool                ═╣

2023-03-15 13:38:44,052 INFO     ___FILE_ONLY___ ╚
2023-03-15 13:38:44,056 INFO     ___FILE_ONLY___ ════════════════════════════════════════════════════════════
2023-03-15 13:38:44,056 INFO     ___FILE_ONLY___ ╝

2023-03-15 13:38:44,060 INFO     ___FILE_ONLY___ ╔════════════════════════════════════════════════════════════╗

2023-03-15 13:38:44,061 INFO     ___FILE_ONLY___ ╠═ Installing: Google Cloud CRC32C Hash Tool                ═╣

2023-03-15 13:38:44,061 INFO     ___FILE_ONLY___ ╚
2023-03-15 13:38:44,064 DEBUG    urllib3.connectionpool Starting new HTTPS connection (1): dl.google.com:443
2023-03-15 13:38:44,097 DEBUG    urllib3.connectionpool https://dl.google.com:443 "GET /dl/cloudsdk/channels/rapid/components/google-cloud-sdk-gcloud-crc32c-linux-x86_64-20221205224721.tar.gz HTTP/1.1" 200 1235322
2023-03-15 13:38:44,157 INFO     ___FILE_ONLY___ ═
2023-03-15 13:38:44,157 INFO     ___FILE_ONLY___ ═
2023-03-15 13:38:44,157 INFO     ___FILE_ONLY___ ═
2023-03-15 13:38:44,157 INFO     ___FILE_ONLY___ ═
2023-03-15 13:38:44,157 INFO     ___FILE_ONLY___ ═
2023-03-15 13:38:44,158 INFO     ___FILE_ONLY___ ═
2023-03-15 13:38:44,158 INFO     ___FILE_ONLY___ ═
2023-03-15 13:38:44,158 INFO     ___FILE_ONLY___ ═
2023-03-15 13:38:44,158 INFO     ___FILE_ONLY___ ═
2023-03-15 13:38:44,158 INFO     ___FILE_ONLY___ ═
2023-03-15 13:38:44,158 INFO     ___FILE_ONLY___ ═
2023-03-15 13:38:44,158 INFO     ___FILE_ONLY___ ═
2023-03-15 13:38:44,158 INFO     ___FILE_ONLY___ ═
2023-03-15 13:38:44,159 INFO     ___FILE_ONLY___ ═
2023-03-15 13:38:44,159 INFO     ___FILE_ONLY___ ═
2023-03-15 13:38:44,159 INFO     ___FILE_ONLY___ ═
2023-03-15 13:38:44,159 INFO     ___FILE_ONLY___ ═
2023-03-15 13:38:44,159 INFO     ___FILE_ONLY___ ═
2023-03-15 13:38:44,159 INFO     ___FILE_ONLY___ ═
2023-03-15 13:38:44,159 INFO     ___FILE_ONLY___ ═
2023-03-15 13:38:44,159 INFO     ___FILE_ONLY___ ═
2023-03-15 13:38:44,160 INFO     ___FILE_ONLY___ ═
2023-03-15 13:38:44,160 INFO     ___FILE_ONLY___ ═
2023-03-15 13:38:44,160 INFO     ___FILE_ONLY___ ═
2023-03-15 13:38:44,160 INFO     ___FILE_ONLY___ ═
2023-03-15 13:38:44,160 INFO     ___FILE_ONLY___ ═
2023-03-15 13:38:44,160 INFO     ___FILE_ONLY___ ═
2023-03-15 13:38:44,160 INFO     ___FILE_ONLY___ ═
2023-03-15 13:38:44,160 INFO     ___FILE_ONLY___ ═
2023-03-15 13:38:44,161 INFO     ___FILE_ONLY___ ═
2023-03-15 13:38:44,193 INFO     ___FILE_ONLY___ ═══════════════
2023-03-15 13:38:44,194 INFO     ___FILE_ONLY___ ═══════════════
2023-03-15 13:38:44,194 INFO     ___FILE_ONLY___ ╝

2023-03-15 13:38:44,206 INFO     ___FILE_ONLY___ ╔════════════════════════════════════════════════════════════╗

2023-03-15 13:38:44,206 INFO     ___FILE_ONLY___ ╠═ Installing: anthoscli                                    ═╣

2023-03-15 13:38:44,206 INFO     ___FILE_ONLY___ ╚
2023-03-15 13:38:44,210 DEBUG    urllib3.connectionpool Starting new HTTPS connection (1): dl.google.com:443
2023-03-15 13:38:44,247 DEBUG    urllib3.connectionpool https://dl.google.com:443 "GET /dl/cloudsdk/channels/rapid/components/google-cloud-sdk-anthoscli-linux-x86_64-20230213205029.tar.gz HTTP/1.1" 200 71957154
2023-03-15 13:38:44,805 INFO     ___FILE_ONLY___ ═
2023-03-15 13:38:44,808 INFO     ___FILE_ONLY___ ═
2023-03-15 13:38:44,811 INFO     ___FILE_ONLY___ ═
2023-03-15 13:38:44,813 INFO     ___FILE_ONLY___ ═
2023-03-15 13:38:44,816 INFO     ___FILE_ONLY___ ═
2023-03-15 13:38:44,819 INFO     ___FILE_ONLY___ ═
2023-03-15 13:38:44,822 INFO     ___FILE_ONLY___ ═
2023-03-15 13:38:44,825 INFO     ___FILE_ONLY___ ═
2023-03-15 13:38:44,828 INFO     ___FILE_ONLY___ ═
2023-03-15 13:38:44,830 INFO     ___FILE_ONLY___ ═
2023-03-15 13:38:44,833 INFO     ___FILE_ONLY___ ═
2023-03-15 13:38:44,836 INFO     ___FILE_ONLY___ ═
2023-03-15 13:38:44,839 INFO     ___FILE_ONLY___ ═
2023-03-15 13:38:44,842 INFO     ___FILE_ONLY___ ═
2023-03-15 13:38:44,845 INFO     ___FILE_ONLY___ ═
2023-03-15 13:38:44,847 INFO     ___FILE_ONLY___ ═
2023-03-15 13:38:44,850 INFO     ___FILE_ONLY___ ═
2023-03-15 13:38:44,853 INFO     ___FILE_ONLY___ ═
2023-03-15 13:38:44,856 INFO     ___FILE_ONLY___ ═
2023-03-15 13:38:44,859 INFO     ___FILE_ONLY___ ═
2023-03-15 13:38:44,862 INFO     ___FILE_ONLY___ ═
2023-03-15 13:38:44,864 INFO     ___FILE_ONLY___ ═
2023-03-15 13:38:44,867 INFO     ___FILE_ONLY___ ═
2023-03-15 13:38:44,870 INFO     ___FILE_ONLY___ ═
2023-03-15 13:38:44,873 INFO     ___FILE_ONLY___ ═
2023-03-15 13:38:44,876 INFO     ___FILE_ONLY___ ═
2023-03-15 13:38:44,879 INFO     ___FILE_ONLY___ ═
2023-03-15 13:38:44,882 INFO     ___FILE_ONLY___ ═
2023-03-15 13:38:44,885 INFO     ___FILE_ONLY___ ═
2023-03-15 13:38:44,887 INFO     ___FILE_ONLY___ ═
2023-03-15 13:38:47,039 INFO     ___FILE_ONLY___ ══════════
2023-03-15 13:38:47,044 INFO     ___FILE_ONLY___ ═════════
2023-03-15 13:38:47,069 INFO     ___FILE_ONLY___ ═══════════
2023-03-15 13:38:47,069 INFO     ___FILE_ONLY___ ╝

2023-03-15 13:38:47,094 INFO     ___FILE_ONLY___ ╔════════════════════════════════════════════════════════════╗

2023-03-15 13:38:47,095 INFO     ___FILE_ONLY___ ╠═ Installing: anthoscli                                    ═╣

2023-03-15 13:38:47,095 INFO     ___FILE_ONLY___ ╚
2023-03-15 13:38:47,099 INFO     ___FILE_ONLY___ ════════════════════════════════════════════════════════════
2023-03-15 13:38:47,099 INFO     ___FILE_ONLY___ ╝

2023-03-15 13:38:47,104 INFO     ___FILE_ONLY___ ╔════════════════════════════════════════════════════════════╗

2023-03-15 13:38:47,104 INFO     ___FILE_ONLY___ ╠═ Installing: gcloud cli dependencies                      ═╣

2023-03-15 13:38:47,104 INFO     ___FILE_ONLY___ ╚
2023-03-15 13:38:47,108 DEBUG    urllib3.connectionpool Starting new HTTPS connection (1): dl.google.com:443
2023-03-15 13:38:47,137 DEBUG    urllib3.connectionpool https://dl.google.com:443 "GET /dl/cloudsdk/channels/rapid/components/google-cloud-sdk-gcloud-deps-linux-x86_64-20210416153011.tar.gz HTTP/1.1" 200 104
2023-03-15 13:38:47,137 INFO     ___FILE_ONLY___ ══════════════════════════════
2023-03-15 13:38:47,138 INFO     ___FILE_ONLY___ ══════════════════════════════
2023-03-15 13:38:47,138 INFO     ___FILE_ONLY___ ╝

2023-03-15 13:38:47,148 INFO     ___FILE_ONLY___ ╔════════════════════════════════════════════════════════════╗

2023-03-15 13:38:47,149 INFO     ___FILE_ONLY___ ╠═ Creating backup and activating new installation          ═╣

2023-03-15 13:38:47,149 INFO     ___FILE_ONLY___ ╚
2023-03-15 13:38:47,149 DEBUG    root            Attempting to move directory [/tools/google-cloud-sdk] to [/tools/google-cloud-sdk.staging/.install/.backup]
2023-03-15 13:38:47,149 INFO     ___FILE_ONLY___ ══════════════════════════════
2023-03-15 13:38:47,149 DEBUG    root            Attempting to move directory [/tools/google-cloud-sdk.staging] to [/tools/google-cloud-sdk]
2023-03-15 13:38:47,149 INFO     ___FILE_ONLY___ ══════════════════════════════
2023-03-15 13:38:47,150 INFO     ___FILE_ONLY___ ╝

2023-03-15 13:38:47,154 DEBUG    root            Updating notification cache...
2023-03-15 13:38:47,154 INFO     ___FILE_ONLY___ 

2023-03-15 13:38:47,159 INFO     ___FILE_ONLY___ Performing post processing steps...
2023-03-15 13:38:47,160 DEBUG    root            Executing command: ['python3', '-S', '/tools/google-cloud-sdk/lib/gcloud.py', 'components', 'post-process']
2023-03-15 13:39:09,991 DEBUG    ___FILE_ONLY___ 
2023-03-15 13:39:09,991 DEBUG    ___FILE_ONLY___ 
2023-03-15 13:39:10,196 INFO     ___FILE_ONLY___ 
Update done!


2023-03-15 13:39:10,200 DEBUG    root            Chosen display Format:none
2023-03-15 13:39:10,201 INFO     root            Display format: "none"
