2023-03-15 13:39:10,923 DEBUG    root            Loaded Command Group: ['gcloud', 'components']
2023-03-15 13:39:10,925 DEBUG    root            Loaded Command Group: ['gcloud', 'components', 'update']
2023-03-15 13:39:10,928 DEBUG    root            Running [gcloud.components.update] with arguments: [--quiet: "True", COMPONENT-IDS:8: "['gcloud', 'core', 'bq', 'gsutil', 'compute', 'preview', 'alpha', 'beta']"]
2023-03-15 13:39:10,928 INFO     ___FILE_ONLY___ Beginning update. This process may take several minutes.

2023-03-15 13:39:10,932 DEBUG    urllib3.connectionpool Starting new HTTPS connection (1): dl.google.com:443
2023-03-15 13:39:10,961 DEBUG    urllib3.connectionpool https://dl.google.com:443 "GET /dl/cloudsdk/channels/rapid/components-2.json HTTP/1.1" 200 206156
2023-03-15 13:39:10,978 WARNING  root            Component [preview] no longer exists.
2023-03-15 13:39:10,978 WARNING  root            Component [compute] no longer exists.
2023-03-15 13:39:10,979 INFO     ___FILE_ONLY___ 

2023-03-15 13:39:10,979 INFO     ___FILE_ONLY___ 
Your current Google Cloud CLI version is: 422.0.0

2023-03-15 13:39:10,979 INFO     ___FILE_ONLY___ Installing components from version: 422.0.0

2023-03-15 13:39:10,979 INFO     ___FILE_ONLY___ 

2023-03-15 13:39:10,979 DEBUG    root            Chosen display Format:table[box,title="These components will be removed."](details.display_name:label=Name:align=left,version.version_string:label=Version:align=right,data.size.size(zero="",min=1048576):label=Size:align=right)
2023-03-15 13:39:10,980 DEBUG    root            Chosen display Format:table[box,title="These components will be updated."](details.display_name:label=Name:align=left,version.version_string:label=Version:align=right,data.size.size(zero="",min=1048576):label=Size:align=right)
2023-03-15 13:39:10,981 DEBUG    root            Chosen display Format:table[box,title="These components will be installed."](details.display_name:label=Name:align=left,version.version_string:label=Version:align=right,data.size.size(zero="",min=1048576):label=Size:align=right)
2023-03-15 13:39:10,982 INFO     ___FILE_ONLY___ ┌──────────────────────────────────────────────┐
2023-03-15 13:39:10,982 INFO     ___FILE_ONLY___ 

2023-03-15 13:39:10,982 INFO     ___FILE_ONLY___ │     These components will be installed.      │
2023-03-15 13:39:10,982 INFO     ___FILE_ONLY___ 

2023-03-15 13:39:10,982 INFO     ___FILE_ONLY___ ├───────────────────────┬────────────┬─────────┤
2023-03-15 13:39:10,982 INFO     ___FILE_ONLY___ 

2023-03-15 13:39:10,983 INFO     ___FILE_ONLY___ │          Name         │  Version   │   Size  │
2023-03-15 13:39:10,983 INFO     ___FILE_ONLY___ 

2023-03-15 13:39:10,983 INFO     ___FILE_ONLY___ ├───────────────────────┼────────────┼─────────┤
2023-03-15 13:39:10,983 INFO     ___FILE_ONLY___ 

2023-03-15 13:39:10,983 INFO     ___FILE_ONLY___ │ 
2023-03-15 13:39:10,983 INFO     ___FILE_ONLY___ gcloud Alpha Commands
2023-03-15 13:39:10,983 INFO     ___FILE_ONLY___  
2023-03-15 13:39:10,983 INFO     ___FILE_ONLY___ │ 
2023-03-15 13:39:10,983 INFO     ___FILE_ONLY___ 2023.03.10
2023-03-15 13:39:10,983 INFO     ___FILE_ONLY___  
2023-03-15 13:39:10,983 INFO     ___FILE_ONLY___ │ 
2023-03-15 13:39:10,983 INFO     ___FILE_ONLY___ < 1 MiB
2023-03-15 13:39:10,983 INFO     ___FILE_ONLY___  
2023-03-15 13:39:10,983 INFO     ___FILE_ONLY___ │
2023-03-15 13:39:10,983 INFO     ___FILE_ONLY___ 

2023-03-15 13:39:10,984 INFO     ___FILE_ONLY___ │ 
2023-03-15 13:39:10,984 INFO     ___FILE_ONLY___ gcloud Beta Commands 
2023-03-15 13:39:10,984 INFO     ___FILE_ONLY___  
2023-03-15 13:39:10,984 INFO     ___FILE_ONLY___ │ 
2023-03-15 13:39:10,984 INFO     ___FILE_ONLY___ 2023.03.10
2023-03-15 13:39:10,984 INFO     ___FILE_ONLY___  
2023-03-15 13:39:10,984 INFO     ___FILE_ONLY___ │ 
2023-03-15 13:39:10,984 INFO     ___FILE_ONLY___ < 1 MiB
2023-03-15 13:39:10,984 INFO     ___FILE_ONLY___  
2023-03-15 13:39:10,984 INFO     ___FILE_ONLY___ │
2023-03-15 13:39:10,984 INFO     ___FILE_ONLY___ 

2023-03-15 13:39:10,984 INFO     ___FILE_ONLY___ └───────────────────────┴────────────┴─────────┘
2023-03-15 13:39:10,984 INFO     ___FILE_ONLY___ 

2023-03-15 13:39:10,984 INFO     ___FILE_ONLY___ 

2023-03-15 13:39:10,987 DEBUG    urllib3.connectionpool Starting new HTTPS connection (1): dl.google.com:443
2023-03-15 13:39:11,074 DEBUG    urllib3.connectionpool https://dl.google.com:443 "GET /dl/cloudsdk/channels/rapid/RELEASE_NOTES HTTP/1.1" 200 960341
2023-03-15 13:39:11,152 INFO     ___FILE_ONLY___ For the latest full release notes, please visit:
  https://cloud.google.com/sdk/release_notes


2023-03-15 13:39:11,158 INFO     ___FILE_ONLY___ ╔════════════════════════════════════════════════════════════╗

2023-03-15 13:39:11,158 INFO     ___FILE_ONLY___ ╠═ Creating update staging area                             ═╣

2023-03-15 13:39:11,158 INFO     ___FILE_ONLY___ ╚
2023-03-15 13:39:11,159 INFO     ___FILE_ONLY___ ══════
2023-03-15 13:39:11,786 INFO     ___FILE_ONLY___ ══════
2023-03-15 13:39:11,786 INFO     ___FILE_ONLY___ ══════
2023-03-15 13:39:12,075 INFO     ___FILE_ONLY___ ═
2023-03-15 13:39:12,147 INFO     ___FILE_ONLY___ ═
2023-03-15 13:39:12,242 INFO     ___FILE_ONLY___ ═
2023-03-15 13:39:12,347 INFO     ___FILE_ONLY___ ═
2023-03-15 13:39:12,454 INFO     ___FILE_ONLY___ ═
2023-03-15 13:39:12,548 INFO     ___FILE_ONLY___ ═
2023-03-15 13:39:12,628 INFO     ___FILE_ONLY___ ═
2023-03-15 13:39:12,687 INFO     ___FILE_ONLY___ ═
2023-03-15 13:39:12,825 INFO     ___FILE_ONLY___ ═
2023-03-15 13:39:12,953 INFO     ___FILE_ONLY___ ═
2023-03-15 13:39:13,031 INFO     ___FILE_ONLY___ ═
2023-03-15 13:39:13,142 INFO     ___FILE_ONLY___ ═
2023-03-15 13:39:13,223 INFO     ___FILE_ONLY___ ═
2023-03-15 13:39:13,292 INFO     ___FILE_ONLY___ ═
2023-03-15 13:39:13,485 INFO     ___FILE_ONLY___ ═
2023-03-15 13:39:13,639 INFO     ___FILE_ONLY___ ═
2023-03-15 13:39:13,756 INFO     ___FILE_ONLY___ ═
2023-03-15 13:39:14,144 INFO     ___FILE_ONLY___ ═
2023-03-15 13:39:14,206 INFO     ___FILE_ONLY___ ═
2023-03-15 13:39:14,276 INFO     ___FILE_ONLY___ ═
2023-03-15 13:39:14,330 INFO     ___FILE_ONLY___ ═
2023-03-15 13:39:14,390 INFO     ___FILE_ONLY___ ═
2023-03-15 13:39:14,450 INFO     ___FILE_ONLY___ ═
2023-03-15 13:39:14,524 INFO     ___FILE_ONLY___ ═
2023-03-15 13:39:14,607 INFO     ___FILE_ONLY___ ═
2023-03-15 13:39:14,674 INFO     ___FILE_ONLY___ ═
2023-03-15 13:39:14,733 INFO     ___FILE_ONLY___ ═
2023-03-15 13:39:14,789 INFO     ___FILE_ONLY___ ═
2023-03-15 13:39:14,852 INFO     ___FILE_ONLY___ ═
2023-03-15 13:39:14,906 INFO     ___FILE_ONLY___ ═
2023-03-15 13:39:15,086 INFO     ___FILE_ONLY___ ═
2023-03-15 13:39:15,146 INFO     ___FILE_ONLY___ ═
2023-03-15 13:39:15,211 INFO     ___FILE_ONLY___ ═
2023-03-15 13:39:15,268 INFO     ___FILE_ONLY___ ═
2023-03-15 13:39:15,331 INFO     ___FILE_ONLY___ ═
2023-03-15 13:39:15,391 INFO     ___FILE_ONLY___ ═
2023-03-15 13:39:15,439 INFO     ___FILE_ONLY___ ═
2023-03-15 13:39:15,504 INFO     ___FILE_ONLY___ ═
2023-03-15 13:39:15,571 INFO     ___FILE_ONLY___ ═
2023-03-15 13:39:15,658 INFO     ___FILE_ONLY___ ═
2023-03-15 13:39:15,767 INFO     ___FILE_ONLY___ ═
2023-03-15 13:39:15,849 INFO     ___FILE_ONLY___ ═
2023-03-15 13:39:15,849 INFO     ___FILE_ONLY___ ╝

2023-03-15 13:39:18,428 INFO     ___FILE_ONLY___ ╔════════════════════════════════════════════════════════════╗

2023-03-15 13:39:18,429 INFO     ___FILE_ONLY___ ╠═ Installing: gcloud Alpha Commands                        ═╣

2023-03-15 13:39:18,429 INFO     ___FILE_ONLY___ ╚
2023-03-15 13:39:18,433 DEBUG    urllib3.connectionpool Starting new HTTPS connection (1): dl.google.com:443
2023-03-15 13:39:18,460 DEBUG    urllib3.connectionpool https://dl.google.com:443 "GET /dl/cloudsdk/channels/rapid/components/google-cloud-sdk-alpha-20230310163703.tar.gz HTTP/1.1" 200 800
2023-03-15 13:39:18,461 INFO     ___FILE_ONLY___ ══════════════════════════════
2023-03-15 13:39:18,463 INFO     ___FILE_ONLY___ ══════════════════════════════
2023-03-15 13:39:18,463 INFO     ___FILE_ONLY___ ╝

2023-03-15 13:39:18,474 INFO     ___FILE_ONLY___ ╔════════════════════════════════════════════════════════════╗

2023-03-15 13:39:18,474 INFO     ___FILE_ONLY___ ╠═ Installing: gcloud Beta Commands                         ═╣

2023-03-15 13:39:18,474 INFO     ___FILE_ONLY___ ╚
2023-03-15 13:39:18,478 DEBUG    urllib3.connectionpool Starting new HTTPS connection (1): dl.google.com:443
2023-03-15 13:39:18,507 DEBUG    urllib3.connectionpool https://dl.google.com:443 "GET /dl/cloudsdk/channels/rapid/components/google-cloud-sdk-beta-20230310163703.tar.gz HTTP/1.1" 200 797
2023-03-15 13:39:18,508 INFO     ___FILE_ONLY___ ══════════════════════════════
2023-03-15 13:39:18,509 INFO     ___FILE_ONLY___ ══════════════════════════════
2023-03-15 13:39:18,509 INFO     ___FILE_ONLY___ ╝

2023-03-15 13:39:18,521 INFO     ___FILE_ONLY___ ╔════════════════════════════════════════════════════════════╗

2023-03-15 13:39:18,521 INFO     ___FILE_ONLY___ ╠═ Creating backup and activating new installation          ═╣

2023-03-15 13:39:18,521 INFO     ___FILE_ONLY___ ╚
2023-03-15 13:39:18,521 DEBUG    root            Attempting to move directory [/tools/google-cloud-sdk] to [/tools/google-cloud-sdk.staging/.install/.backup]
2023-03-15 13:39:18,521 INFO     ___FILE_ONLY___ ══════════════════════════════
2023-03-15 13:39:18,522 DEBUG    root            Attempting to move directory [/tools/google-cloud-sdk.staging] to [/tools/google-cloud-sdk]
2023-03-15 13:39:18,522 INFO     ___FILE_ONLY___ ══════════════════════════════
2023-03-15 13:39:18,522 INFO     ___FILE_ONLY___ ╝

2023-03-15 13:39:18,526 DEBUG    root            Updating notification cache...
2023-03-15 13:39:18,527 INFO     ___FILE_ONLY___ 

2023-03-15 13:39:18,531 INFO     ___FILE_ONLY___ Performing post processing steps...
2023-03-15 13:39:18,532 DEBUG    root            Executing command: ['python3', '-S', '/tools/google-cloud-sdk/lib/gcloud.py', 'components', 'post-process']
2023-03-15 13:39:42,486 DEBUG    ___FILE_ONLY___ 
2023-03-15 13:39:42,487 DEBUG    ___FILE_ONLY___ 
2023-03-15 13:39:42,567 INFO     ___FILE_ONLY___ 
Update done!


2023-03-15 13:39:42,571 DEBUG    root            Chosen display Format:none
2023-03-15 13:39:42,572 INFO     root            Display format: "none"
